<?xml version="1.0" encoding="UTF-8"?>
<coverage generated="1683912943977" clover="3.2.0">
  <project timestamp="1683912943977" name="All files">
    <metrics statements="10" coveredstatements="10" conditionals="0" coveredconditionals="0" methods="3" coveredmethods="3" elements="13" coveredelements="13" complexity="0" loc="10" ncloc="10" packages="1" files="2" classes="2"/>
    <file name="addTask-Mock.js" path="C:\Users\Steven\Documents\Git_Repo\To-Do-List\src\__Mocks__\addTask-Mock.js">
      <metrics statements="6" coveredstatements="6" conditionals="0" coveredconditionals="0" methods="1" coveredmethods="1"/>
      <line num="3" count="1" type="stmt"/>
      <line num="4" count="2" type="stmt"/>
      <line num="5" count="2" type="stmt"/>
      <line num="10" count="2" type="stmt"/>
      <line num="11" count="2" type="stmt"/>
      <line num="13" count="2" type="stmt"/>
    </file>
    <file name="localstorageMock.js" path="C:\Users\Steven\Documents\Git_Repo\To-Do-List\src\__Mocks__\localstorageMock.js">
      <metrics statements="4" coveredstatements="4" conditionals="0" coveredconditionals="0" methods="2" coveredmethods="2"/>
      <line num="1" count="1" type="stmt"/>
      <line num="3" count="1" type="stmt"/>
      <line num="5" count="2" type="stmt"/>
      <line num="7" count="2" type="stmt"/>
    </file>
  </project>
</coverage>
