{"C:\\Users\\Steven\\Documents\\Git_Repo\\To-Do-List\\src\\__Mocks__\\addTask-Mock.js": {"path":"C:\\Users\\Steven\\Documents\\Git_Repo\\To-Do-List\\src\\__Mocks__\\addTask-Mock.js","statementMap":{"0":{"start":{"line":3,"column":16},"end":{"line":14,"column":1}},"1":{"start":{"line":4,"column":16},"end":{"line":4,"column":48}},"2":{"start":{"line":5,"column":18},"end":{"line":9,"column":3}},"3":{"start":{"line":10,"column":2},"end":{"line":10,"column":22}},"4":{"start":{"line":11,"column":2},"end":{"line":11,"column":46}},"5":{"start":{"line":13,"column":2},"end":{"line":13,"column":15}}},"fnMap":{"0":{"name":"(anonymous_0)","decl":{"start":{"line":3,"column":16},"end":{"line":3,"column":17}},"loc":{"start":{"line":3,"column":27},"end":{"line":14,"column":1}},"line":3}},"branchMap":{},"s":{"0":1,"1":2,"2":2,"3":2,"4":2,"5":2},"f":{"0":2},"b":{},"_coverageSchema":"1a1c01bbd47fc00a2c39e90264f33305004495a9","hash":"ed5c8fd467bda81085ec6e4a6fa0b88a0df97a84"}
,"C:\\Users\\Steven\\Documents\\Git_Repo\\To-Do-List\\src\\__Mocks__\\localstorageMock.js": {"path":"C:\\Users\\Steven\\Documents\\Git_Repo\\To-Do-List\\src\\__Mocks__\\localstorageMock.js","statementMap":{"0":{"start":{"line":1,"column":11},"end":{"line":1,"column":13}},"1":{"start":{"line":3,"column":25},"end":{"line":9,"column":1}},"2":{"start":{"line":5,"column":4},"end":{"line":5,"column":19}},"3":{"start":{"line":7,"column":25},"end":{"line":7,"column":32}}},"fnMap":{"0":{"name":"(anonymous_0)","decl":{"start":{"line":4,"column":15},"end":{"line":4,"column":16}},"loc":{"start":{"line":4,"column":30},"end":{"line":6,"column":3}},"line":4},"1":{"name":"(anonymous_1)","decl":{"start":{"line":7,"column":16},"end":{"line":7,"column":17}},"loc":{"start":{"line":7,"column":25},"end":{"line":7,"column":32}},"line":7}},"branchMap":{},"s":{"0":2,"1":2,"2":3,"3":3},"f":{"0":3,"1":3},"b":{},"_coverageSchema":"1a1c01bbd47fc00a2c39e90264f33305004495a9","hash":"cea26419eb1ff935d86958f347a9d0f1111ba144"}
,"C:\\Users\\Steven\\Documents\\Git_Repo\\To-Do-List\\src\\__Mocks__\\removeTask.js": {"path":"C:\\Users\\Steven\\Documents\\Git_Repo\\To-Do-List\\src\\__Mocks__\\removeTask.js","statementMap":{"0":{"start":{"line":3,"column":19},"end":{"line":10,"column":1}},"1":{"start":{"line":4,"column":2},"end":{"line":4,"column":25}},"2":{"start":{"line":5,"column":2},"end":{"line":7,"column":3}},"3":{"start":{"line":5,"column":15},"end":{"line":5,"column":16}},"4":{"start":{"line":6,"column":4},"end":{"line":6,"column":27}},"5":{"start":{"line":8,"column":2},"end":{"line":8,"column":46}},"6":{"start":{"line":9,"column":2},"end":{"line":9,"column":15}}},"fnMap":{"0":{"name":"(anonymous_0)","decl":{"start":{"line":3,"column":19},"end":{"line":3,"column":20}},"loc":{"start":{"line":3,"column":37},"end":{"line":10,"column":1}},"line":3}},"branchMap":{},"s":{"0":1,"1":1,"2":1,"3":1,"4":3,"5":1,"6":1},"f":{"0":1},"b":{},"_coverageSchema":"1a1c01bbd47fc00a2c39e90264f33305004495a9","hash":"5fe3ee62f9e079c3a9e66da463d2d5276458e1d1"}
,"C:\\Users\\Steven\\Documents\\Git_Repo\\To-Do-List\\src\\modules\\tasks.js": {"path":"C:\\Users\\Steven\\Documents\\Git_Repo\\To-Do-List\\src\\modules\\tasks.js","statementMap":{"0":{"start":{"line":1,"column":14},"end":{"line":22,"column":1}}},"fnMap":{},"branchMap":{},"s":{"0":1},"f":{},"b":{},"_coverageSchema":"1a1c01bbd47fc00a2c39e90264f33305004495a9","hash":"b1c98330ff8f65075100554ef65cac73342fe1bf"}
}
